<?xml version="1.0" encoding="UTF-8"?>
<!-- Generated by org.testng.reporters.JUnitReportReporter -->
<testsuite hostname="LAPTOP-NTBPMJL5" failures="0" tests="1" name="step_drifinations.Runner" time="0.069" errors="1" timestamp="2024-07-03T19:13:08 PDT" skipped="0">
  <testcase classname="step_drifinations.Runner" name="setUpClass" time="0.069">
    <error message="classpath: features/Register.feature is not valid. Try &lt;uri or path&gt;/&lt;name&gt;.feature[:LINE]*" type="java.lang.IllegalArgumentException">
      <![CDATA[java.lang.IllegalArgumentException: classpath: features/Register.feature is not valid. Try <uri or path>/<name>.feature[:LINE]*
at io.cucumber.core.feature.FeatureWithLines.parse(FeatureWithLines.java:46)
at io.cucumber.core.options.FeatureWithLinesOrRerunPath.parse(FeatureWithLinesOrRerunPath.java:50)
at io.cucumber.core.options.CucumberOptionsAnnotationParser.addFeatures(CucumberOptionsAnnotationParser.java:133)
at io.cucumber.core.options.CucumberOptionsAnnotationParser.parse(CucumberOptionsAnnotationParser.java:44)
at io.cucumber.testng.TestNGCucumberRunner.<init>(TestNGCucumberRunner.java:85)
at io.cucumber.testng.AbstractTestNGCucumberTests.setUpClass(AbstractTestNGCucumberTests.java:27)
at java.base/jdk.internal.reflect.DirectMethodHandleAccessor.invoke(DirectMethodHandleAccessor.java:103)
at java.base/java.lang.reflect.Method.invoke(Method.java:580)
at org.testng.internal.MethodInvocationHelper.invokeMethod(MethodInvocationHelper.java:133)
at org.testng.internal.MethodInvocationHelper.invokeMethodConsideringTimeout(MethodInvocationHelper.java:62)
at org.testng.internal.ConfigInvoker.invokeConfigurationMethod(ConfigInvoker.java:385)
at org.testng.internal.ConfigInvoker.invokeConfigurations(ConfigInvoker.java:321)
at org.testng.internal.TestMethodWorker.invokeBeforeClassMethods(TestMethodWorker.java:176)
at org.testng.internal.TestMethodWorker.run(TestMethodWorker.java:122)
at java.base/java.util.ArrayList.forEach(ArrayList.java:1596)
at org.testng.TestRunner.privateRun(TestRunner.java:794)
at org.testng.TestRunner.run(TestRunner.java:596)
at org.testng.SuiteRunner.runTest(SuiteRunner.java:377)
at org.testng.SuiteRunner.runSequentially(SuiteRunner.java:371)
at org.testng.SuiteRunner.privateRun(SuiteRunner.java:332)
at org.testng.SuiteRunner.run(SuiteRunner.java:276)
at org.testng.SuiteRunnerWorker.runSuite(SuiteRunnerWorker.java:53)
at org.testng.SuiteRunnerWorker.run(SuiteRunnerWorker.java:96)
at org.testng.TestNG.runSuitesSequentially(TestNG.java:1212)
at org.testng.TestNG.runSuitesLocally(TestNG.java:1134)
at org.testng.TestNG.runSuites(TestNG.java:1063)
at org.testng.TestNG.run(TestNG.java:1031)
at org.testng.remote.AbstractRemoteTestNG.run(AbstractRemoteTestNG.java:115)
at org.testng.remote.RemoteTestNG.initAndRun(RemoteTestNG.java:251)
at org.testng.remote.RemoteTestNG.main(RemoteTestNG.java:77)
Caused by: java.lang.IllegalArgumentException: Illegal character in opaque part at index 10: classpath: features/Register.feature
at java.base/java.net.URI.create(URI.java:932)
at io.cucumber.core.feature.FeaturePath.parseProbableURI(FeaturePath.java:90)
at io.cucumber.core.feature.FeaturePath.parse(FeaturePath.java:56)
at io.cucumber.core.feature.FeatureWithLines.parseFeaturePath(FeatureWithLines.java:62)
at io.cucumber.core.feature.FeatureWithLines.parse(FeatureWithLines.java:43)
... 29 more
Caused by: java.net.URISyntaxException: Illegal character in opaque part at index 10: classpath: features/Register.feature
at java.base/java.net.URI$Parser.fail(URI.java:2995)
at java.base/java.net.URI$Parser.checkChars(URI.java:3166)
at java.base/java.net.URI$Parser.parse(URI.java:3202)
at java.base/java.net.URI.<init>(URI.java:645)
at java.base/java.net.URI.create(URI.java:930)
... 33 more
]]>
    </error>
  </testcase> <!-- setUpClass -->
  <system-out/>
</testsuite> <!-- step_drifinations.Runner -->
